生成启动时间为 2023/12/11 11:48:13。
     1>项目“F:\最匹配的矩阵\最匹配的矩阵\最匹配的矩阵\最匹配的矩阵.vcxproj”在节点 2 上(build 个目标)。
     1>InitializeBuildStatus:
         正在创建“Debug\最匹配的矩阵.unsuccessfulbuild”，因为已指定“AlwaysCreate”。
       ClCompile:
         C:\Program Files (x86)\Microsoft Visual Studio 10.0\VC\bin\CL.exe /c /ZI /nologo /W3 /WX- /Od /Oy- /D _UNICODE /D UNICODE /Gm /EHsc /RTC1 /MDd /GS /fp:precise /Zc:wchar_t /Zc:forScope /Fo"Debug\\" /Fd"Debug\vc100.pdb" /Gd /TP /analyze- /errorReport:prompt "最匹配的矩阵.cpp"
         最匹配的矩阵.cpp
     1>f:\最匹配的矩阵\最匹配的矩阵\最匹配的矩阵\最匹配的矩阵.cpp(8): warning C4996: 'scanf': This function or variable may be unsafe. Consider using scanf_s instead. To disable deprecation, use _CRT_SECURE_NO_WARNINGS. See online help for details.
                 c:\program files (x86)\microsoft visual studio 10.0\vc\include\stdio.h(304) : 参见“scanf”的声明
     1>f:\最匹配的矩阵\最匹配的矩阵\最匹配的矩阵\最匹配的矩阵.cpp(14): warning C4996: 'scanf': This function or variable may be unsafe. Consider using scanf_s instead. To disable deprecation, use _CRT_SECURE_NO_WARNINGS. See online help for details.
                 c:\program files (x86)\microsoft visual studio 10.0\vc\include\stdio.h(304) : 参见“scanf”的声明
     1>f:\最匹配的矩阵\最匹配的矩阵\最匹配的矩阵\最匹配的矩阵.cpp(18): warning C4996: 'scanf': This function or variable may be unsafe. Consider using scanf_s instead. To disable deprecation, use _CRT_SECURE_NO_WARNINGS. See online help for details.
                 c:\program files (x86)\microsoft visual studio 10.0\vc\include\stdio.h(304) : 参见“scanf”的声明
     1>f:\最匹配的矩阵\最匹配的矩阵\最匹配的矩阵\最匹配的矩阵.cpp(24): warning C4996: 'scanf': This function or variable may be unsafe. Consider using scanf_s instead. To disable deprecation, use _CRT_SECURE_NO_WARNINGS. See online help for details.
                 c:\program files (x86)\microsoft visual studio 10.0\vc\include\stdio.h(304) : 参见“scanf”的声明
       Link:
         C:\Program Files (x86)\Microsoft Visual Studio 10.0\VC\bin\link.exe /ERRORREPORT:PROMPT /OUT:"F:\最匹配的矩阵\最匹配的矩阵\Debug\最匹配的矩阵.exe" /NOLOGO kernel32.lib user32.lib gdi32.lib winspool.lib comdlg32.lib advapi32.lib shell32.lib ole32.lib oleaut32.lib uuid.lib odbc32.lib odbccp32.lib /MANIFEST /ManifestFile:"Debug\最匹配的矩阵.exe.intermediate.manifest" /MANIFESTUAC:"level='asInvoker' uiAccess='false'" /DEBUG /PDB:"F:\最匹配的矩阵\最匹配的矩阵\Debug\最匹配的矩阵.pdb" /TLBID:1 /DYNAMICBASE /NXCOMPAT /IMPLIB:"F:\最匹配的矩阵\最匹配的矩阵\Debug\最匹配的矩阵.lib" /MACHINE:X86 "Debug\最匹配的矩阵.obj"
         LINK : 没有找到 F:\最匹配的矩阵\最匹配的矩阵\Debug\最匹配的矩阵.exe 或上一个增量链接没有生成它；正在执行完全链接
         最匹配的矩阵.vcxproj -> F:\最匹配的矩阵\最匹配的矩阵\Debug\最匹配的矩阵.exe
       Manifest:
         C:\Program Files (x86)\Microsoft SDKs\Windows\v7.0A\bin\mt.exe /nologo /verbose /outputresource:"F:\最匹配的矩阵\最匹配的矩阵\Debug\最匹配的矩阵.exe;#1" /manifest "Debug\最匹配的矩阵.exe.intermediate.manifest"
       FinalizeBuildStatus:
         正在删除文件“Debug\最匹配的矩阵.unsuccessfulbuild”。
         正在对“Debug\最匹配的矩阵.lastbuildstate”执行 Touch 任务。
     1>已完成生成项目“F:\最匹配的矩阵\最匹配的矩阵\最匹配的矩阵\最匹配的矩阵.vcxproj”(build 个目标)的操作。

生成成功。

已用时间 00:00:00.91
