生成启动时间为 2023/11/6 9:20:47。
     1>项目“D:\1编程\初学\字符串1234\字符串移位包含问题\字符串移位包含问题\字符串移位包含问题.vcxproj”在节点 2 上(build 个目标)。
     1>InitializeBuildStatus:
         正在创建“Debug\字符串移位包含问题.unsuccessfulbuild”，因为已指定“AlwaysCreate”。
       ClCompile:
         c:\Program Files (x86)\Microsoft Visual Studio 10.0\VC\bin\CL.exe /c /ZI /nologo /W3 /WX- /Od /Oy- /D _UNICODE /D UNICODE /Gm /EHsc /RTC1 /MDd /GS /fp:precise /Zc:wchar_t /Zc:forScope /Fo"Debug\\" /Fd"Debug\vc100.pdb" /Gd /TP /analyze- /errorReport:prompt "字符串移位包含问题.cpp"
         字符串移位包含问题.cpp
     1>d:\1编程\初学\字符串1234\字符串移位包含问题\字符串移位包含问题\字符串移位包含问题.cpp(8): warning C4996: 'scanf': This function or variable may be unsafe. Consider using scanf_s instead. To disable deprecation, use _CRT_SECURE_NO_WARNINGS. See online help for details.
                 c:\program files (x86)\microsoft visual studio 10.0\vc\include\stdio.h(304) : 参见“scanf”的声明
     1>d:\1编程\初学\字符串1234\字符串移位包含问题\字符串移位包含问题\字符串移位包含问题.cpp(19): warning C4996: 'strcpy': This function or variable may be unsafe. Consider using strcpy_s instead. To disable deprecation, use _CRT_SECURE_NO_WARNINGS. See online help for details.
                 c:\program files (x86)\microsoft visual studio 10.0\vc\include\string.h(105) : 参见“strcpy”的声明
     1>d:\1编程\初学\字符串1234\字符串移位包含问题\字符串移位包含问题\字符串移位包含问题.cpp(22): warning C4996: 'strcat': This function or variable may be unsafe. Consider using strcat_s instead. To disable deprecation, use _CRT_SECURE_NO_WARNINGS. See online help for details.
                 c:\program files (x86)\microsoft visual studio 10.0\vc\include\string.h(110) : 参见“strcat”的声明
     1>d:\1编程\初学\字符串1234\字符串移位包含问题\字符串移位包含问题\字符串移位包含问题.cpp(42): warning C4996: 'strcpy': This function or variable may be unsafe. Consider using strcpy_s instead. To disable deprecation, use _CRT_SECURE_NO_WARNINGS. See online help for details.
                 c:\program files (x86)\microsoft visual studio 10.0\vc\include\string.h(105) : 参见“strcpy”的声明
     1>d:\1编程\初学\字符串1234\字符串移位包含问题\字符串移位包含问题\字符串移位包含问题.cpp(45): warning C4996: 'strcat': This function or variable may be unsafe. Consider using strcat_s instead. To disable deprecation, use _CRT_SECURE_NO_WARNINGS. See online help for details.
                 c:\program files (x86)\microsoft visual studio 10.0\vc\include\string.h(110) : 参见“strcat”的声明
       Link:
         c:\Program Files (x86)\Microsoft Visual Studio 10.0\VC\bin\link.exe /ERRORREPORT:PROMPT /OUT:"D:\1编程\初学\字符串1234\字符串移位包含问题\字符串移位包含问题\Debug\字符串移位包含问题.exe" /NOLOGO kernel32.lib user32.lib gdi32.lib winspool.lib comdlg32.lib advapi32.lib shell32.lib ole32.lib oleaut32.lib uuid.lib odbc32.lib odbccp32.lib /MANIFEST /ManifestFile:"Debug\字符串移位包含问题.exe.intermediate.manifest" /MANIFESTUAC:"level='asInvoker' uiAccess='false'" /DEBUG /PDB:"D:\1编程\初学\字符串1234\字符串移位包含问题\字符串移位包含问题\Debug\字符串移位包含问题.pdb" /TLBID:1 /DYNAMICBASE /NXCOMPAT /IMPLIB:"D:\1编程\初学\字符串1234\字符串移位包含问题\字符串移位包含问题\Debug\字符串移位包含问题.lib" /MACHINE:X86 "Debug\字符串移位包含问题.obj"
         LINK : 没有找到 D:\1编程\初学\字符串1234\字符串移位包含问题\字符串移位包含问题\Debug\字符串移位包含问题.exe 或上一个增量链接没有生成它；正在执行完全链接
         字符串移位包含问题.vcxproj -> D:\1编程\初学\字符串1234\字符串移位包含问题\字符串移位包含问题\Debug\字符串移位包含问题.exe
       Manifest:
         c:\Program Files (x86)\Microsoft SDKs\Windows\v7.0A\bin\mt.exe /nologo /verbose /outputresource:"D:\1编程\初学\字符串1234\字符串移位包含问题\字符串移位包含问题\Debug\字符串移位包含问题.exe;#1" /manifest "Debug\字符串移位包含问题.exe.intermediate.manifest"
       FinalizeBuildStatus:
         正在删除文件“Debug\字符串移位包含问题.unsuccessfulbuild”。
         正在对“Debug\字符串移位包含问题.lastbuildstate”执行 Touch 任务。
     1>已完成生成项目“D:\1编程\初学\字符串1234\字符串移位包含问题\字符串移位包含问题\字符串移位包含问题.vcxproj”(build 个目标)的操作。

生成成功。

已用时间 00:00:01.30
