生成启动时间为 2023/11/18 18:37:58。
     1>项目“D:\1编程\初学\顺数查找\最大值和最小值的差\最大值和最小值的差\最大值和最小值的差.vcxproj”在节点 2 上(build 个目标)。
     1>InitializeBuildStatus:
         正在创建“Debug\最大值和最小值的差.unsuccessfulbuild”，因为已指定“AlwaysCreate”。
       ClCompile:
         c:\Program Files (x86)\Microsoft Visual Studio 10.0\VC\bin\CL.exe /c /ZI /nologo /W3 /WX- /Od /Oy- /D _UNICODE /D UNICODE /Gm /EHsc /RTC1 /MDd /GS /fp:precise /Zc:wchar_t /Zc:forScope /Fo"Debug\\" /Fd"Debug\vc100.pdb" /Gd /TP /analyze- /errorReport:prompt "最大值和最小值的差.cpp"
         最大值和最小值的差.cpp
     1>d:\1编程\初学\顺数查找\最大值和最小值的差\最大值和最小值的差\最大值和最小值的差.cpp(7): warning C4996: 'scanf': This function or variable may be unsafe. Consider using scanf_s instead. To disable deprecation, use _CRT_SECURE_NO_WARNINGS. See online help for details.
                 c:\program files (x86)\microsoft visual studio 10.0\vc\include\stdio.h(304) : 参见“scanf”的声明
     1>d:\1编程\初学\顺数查找\最大值和最小值的差\最大值和最小值的差\最大值和最小值的差.cpp(10): warning C4996: 'scanf': This function or variable may be unsafe. Consider using scanf_s instead. To disable deprecation, use _CRT_SECURE_NO_WARNINGS. See online help for details.
                 c:\program files (x86)\microsoft visual studio 10.0\vc\include\stdio.h(304) : 参见“scanf”的声明
       Link:
         c:\Program Files (x86)\Microsoft Visual Studio 10.0\VC\bin\link.exe /ERRORREPORT:PROMPT /OUT:"D:\1编程\初学\顺数查找\最大值和最小值的差\最大值和最小值的差\Debug\最大值和最小值的差.exe" /NOLOGO kernel32.lib user32.lib gdi32.lib winspool.lib comdlg32.lib advapi32.lib shell32.lib ole32.lib oleaut32.lib uuid.lib odbc32.lib odbccp32.lib /MANIFEST /ManifestFile:"Debug\最大值和最小值的差.exe.intermediate.manifest" /MANIFESTUAC:"level='asInvoker' uiAccess='false'" /DEBUG /PDB:"D:\1编程\初学\顺数查找\最大值和最小值的差\最大值和最小值的差\Debug\最大值和最小值的差.pdb" /TLBID:1 /DYNAMICBASE /NXCOMPAT /IMPLIB:"D:\1编程\初学\顺数查找\最大值和最小值的差\最大值和最小值的差\Debug\最大值和最小值的差.lib" /MACHINE:X86 "Debug\最大值和最小值的差.obj"
         最大值和最小值的差.vcxproj -> D:\1编程\初学\顺数查找\最大值和最小值的差\最大值和最小值的差\Debug\最大值和最小值的差.exe
       Manifest:
         c:\Program Files (x86)\Microsoft SDKs\Windows\v7.0A\bin\mt.exe /nologo /verbose /outputresource:"D:\1编程\初学\顺数查找\最大值和最小值的差\最大值和最小值的差\Debug\最大值和最小值的差.exe;#1" /manifest "Debug\最大值和最小值的差.exe.intermediate.manifest"
       FinalizeBuildStatus:
         正在删除文件“Debug\最大值和最小值的差.unsuccessfulbuild”。
         正在对“Debug\最大值和最小值的差.lastbuildstate”执行 Touch 任务。
     1>已完成生成项目“D:\1编程\初学\顺数查找\最大值和最小值的差\最大值和最小值的差\最大值和最小值的差.vcxproj”(build 个目标)的操作。

生成成功。

已用时间 00:00:01.22
