生成启动时间为 2023/9/17 9:28:40。
     1>项目“D:\编程\编程\初学\相加\zongti\zongti\zongti.vcxproj”在节点 2 上(build 个目标)。
     1>InitializeBuildStatus:
         正在创建“Debug\zongti.unsuccessfulbuild”，因为已指定“AlwaysCreate”。
       ClCompile:
         c:\Program Files (x86)\Microsoft Visual Studio 10.0\VC\bin\CL.exe /c /ZI /nologo /W3 /WX- /Od /Oy- /D _MBCS /Gm /EHsc /RTC1 /MDd /GS /fp:precise /Zc:wchar_t /Zc:forScope /Fo"Debug\\" /Fd"Debug\vc100.pdb" /Gd /TP /analyze- /errorReport:prompt zongti.cpp
         zongti.cpp
     1>d:\编程\编程\初学\相加\zongti\zongti\zongti.cpp(8): warning C4996: 'scanf': This function or variable may be unsafe. Consider using scanf_s instead. To disable deprecation, use _CRT_SECURE_NO_WARNINGS. See online help for details.
                 c:\program files (x86)\microsoft visual studio 10.0\vc\include\stdio.h(304) : 参见“scanf”的声明
       Link:
         c:\Program Files (x86)\Microsoft Visual Studio 10.0\VC\bin\link.exe /ERRORREPORT:PROMPT /OUT:"D:\编程\编程\初学\相加\zongti\Debug\zongti.exe" /NOLOGO kernel32.lib user32.lib gdi32.lib winspool.lib comdlg32.lib advapi32.lib shell32.lib ole32.lib oleaut32.lib uuid.lib odbc32.lib odbccp32.lib /MANIFEST /ManifestFile:"Debug\zongti.exe.intermediate.manifest" /MANIFESTUAC:"level='asInvoker' uiAccess='false'" /DEBUG /PDB:"D:\编程\编程\初学\相加\zongti\Debug\zongti.pdb" /SUBSYSTEM:CONSOLE /TLBID:1 /DYNAMICBASE /NXCOMPAT /IMPLIB:"D:\编程\编程\初学\相加\zongti\Debug\zongti.lib" /MACHINE:X86 Debug\zongti.obj
         LINK : 没有找到 D:\编程\编程\初学\相加\zongti\Debug\zongti.exe 或上一个增量链接没有生成它；正在执行完全链接
         zongti.vcxproj -> D:\编程\编程\初学\相加\zongti\Debug\zongti.exe
       Manifest:
         c:\Program Files (x86)\Microsoft SDKs\Windows\v7.0A\bin\mt.exe /nologo /verbose /outputresource:"D:\编程\编程\初学\相加\zongti\Debug\zongti.exe;#1" /manifest Debug\zongti.exe.intermediate.manifest
       FinalizeBuildStatus:
         正在删除文件“Debug\zongti.unsuccessfulbuild”。
         正在对“Debug\zongti.lastbuildstate”执行 Touch 任务。
     1>已完成生成项目“D:\编程\编程\初学\相加\zongti\zongti\zongti.vcxproj”(build 个目标)的操作。

生成成功。

已用时间 00:00:00.47
