生成启动时间为 2023/10/25 9:06:39。
     1>项目“D:\1编程\初学\数组1234\计算书费\计算书费\计算书费.vcxproj”在节点 2 上(build 个目标)。
     1>InitializeBuildStatus:
         正在创建“Debug\计算书费.unsuccessfulbuild”，因为已指定“AlwaysCreate”。
       ClCompile:
         c:\Program Files (x86)\Microsoft Visual Studio 10.0\VC\bin\CL.exe /c /ZI /nologo /W3 /WX- /Od /Oy- /D _UNICODE /D UNICODE /Gm /EHsc /RTC1 /MDd /GS /fp:precise /Zc:wchar_t /Zc:forScope /Fo"Debug\\" /Fd"Debug\vc100.pdb" /Gd /TP /analyze- /errorReport:prompt "计算书费.cpp"
         计算书费.cpp
     1>d:\1编程\初学\数组1234\计算书费\计算书费\计算书费.cpp(9): warning C4996: 'scanf': This function or variable may be unsafe. Consider using scanf_s instead. To disable deprecation, use _CRT_SECURE_NO_WARNINGS. See online help for details.
                 c:\program files (x86)\microsoft visual studio 10.0\vc\include\stdio.h(304) : 参见“scanf”的声明
     1>d:\1编程\初学\数组1234\计算书费\计算书费\计算书费.cpp(11): warning C4244: “=”: 从“double”转换到“float”，可能丢失数据
       Link:
         c:\Program Files (x86)\Microsoft Visual Studio 10.0\VC\bin\link.exe /ERRORREPORT:PROMPT /OUT:"D:\1编程\初学\数组1234\计算书费\计算书费\Debug\计算书费.exe" /NOLOGO kernel32.lib user32.lib gdi32.lib winspool.lib comdlg32.lib advapi32.lib shell32.lib ole32.lib oleaut32.lib uuid.lib odbc32.lib odbccp32.lib /MANIFEST /ManifestFile:"Debug\计算书费.exe.intermediate.manifest" /MANIFESTUAC:"level='asInvoker' uiAccess='false'" /DEBUG /PDB:"D:\1编程\初学\数组1234\计算书费\计算书费\Debug\计算书费.pdb" /TLBID:1 /DYNAMICBASE /NXCOMPAT /IMPLIB:"D:\1编程\初学\数组1234\计算书费\计算书费\Debug\计算书费.lib" /MACHINE:X86 "Debug\计算书费.obj"
         计算书费.vcxproj -> D:\1编程\初学\数组1234\计算书费\计算书费\Debug\计算书费.exe
       Manifest:
         c:\Program Files (x86)\Microsoft SDKs\Windows\v7.0A\bin\mt.exe /nologo /verbose /outputresource:"D:\1编程\初学\数组1234\计算书费\计算书费\Debug\计算书费.exe;#1" /manifest "Debug\计算书费.exe.intermediate.manifest"
       FinalizeBuildStatus:
         正在删除文件“Debug\计算书费.unsuccessfulbuild”。
         正在对“Debug\计算书费.lastbuildstate”执行 Touch 任务。
     1>已完成生成项目“D:\1编程\初学\数组1234\计算书费\计算书费\计算书费.vcxproj”(build 个目标)的操作。

生成成功。

已用时间 00:00:01.06
