生成启动时间为 2024/1/6 16:26:12。
     1>项目“D:\1编程\1初学\2.1基本算法之枚举\子串计算\子串计算\子串计算.vcxproj”在节点 2 上(build 个目标)。
     1>InitializeBuildStatus:
         正在创建“Debug\子串计算.unsuccessfulbuild”，因为已指定“AlwaysCreate”。
       ClCompile:
         c:\Program Files (x86)\Microsoft Visual Studio 10.0\VC\bin\CL.exe /c /ZI /nologo /W3 /WX- /Od /Oy- /D _UNICODE /D UNICODE /Gm /EHsc /RTC1 /MDd /GS /fp:precise /Zc:wchar_t /Zc:forScope /Fo"Debug\\" /Fd"Debug\vc100.pdb" /Gd /TP /analyze- /errorReport:prompt "子串计算.cpp"
         子串计算.cpp
     1>d:\1编程\1初学\2.1基本算法之枚举\子串计算\子串计算\子串计算.cpp(10): warning C4996: 'gets': This function or variable may be unsafe. Consider using gets_s instead. To disable deprecation, use _CRT_SECURE_NO_WARNINGS. See online help for details.
                 c:\program files (x86)\microsoft visual studio 10.0\vc\include\stdio.h(277) : 参见“gets”的声明
     1>d:\1编程\1初学\2.1基本算法之枚举\子串计算\子串计算\子串计算.cpp(32): warning C4996: 'strcpy': This function or variable may be unsafe. Consider using strcpy_s instead. To disable deprecation, use _CRT_SECURE_NO_WARNINGS. See online help for details.
                 c:\program files (x86)\microsoft visual studio 10.0\vc\include\string.h(105) : 参见“strcpy”的声明
     1>d:\1编程\1初学\2.1基本算法之枚举\子串计算\子串计算\子串计算.cpp(43): warning C4996: 'strcpy': This function or variable may be unsafe. Consider using strcpy_s instead. To disable deprecation, use _CRT_SECURE_NO_WARNINGS. See online help for details.
                 c:\program files (x86)\microsoft visual studio 10.0\vc\include\string.h(105) : 参见“strcpy”的声明
     1>d:\1编程\1初学\2.1基本算法之枚举\子串计算\子串计算\子串计算.cpp(54): warning C4996: 'strcpy': This function or variable may be unsafe. Consider using strcpy_s instead. To disable deprecation, use _CRT_SECURE_NO_WARNINGS. See online help for details.
                 c:\program files (x86)\microsoft visual studio 10.0\vc\include\string.h(105) : 参见“strcpy”的声明
     1>d:\1编程\1初学\2.1基本算法之枚举\子串计算\子串计算\子串计算.cpp(55): warning C4996: 'strcpy': This function or variable may be unsafe. Consider using strcpy_s instead. To disable deprecation, use _CRT_SECURE_NO_WARNINGS. See online help for details.
                 c:\program files (x86)\microsoft visual studio 10.0\vc\include\string.h(105) : 参见“strcpy”的声明
     1>d:\1编程\1初学\2.1基本算法之枚举\子串计算\子串计算\子串计算.cpp(56): warning C4996: 'strcpy': This function or variable may be unsafe. Consider using strcpy_s instead. To disable deprecation, use _CRT_SECURE_NO_WARNINGS. See online help for details.
                 c:\program files (x86)\microsoft visual studio 10.0\vc\include\string.h(105) : 参见“strcpy”的声明
       Link:
         c:\Program Files (x86)\Microsoft Visual Studio 10.0\VC\bin\link.exe /ERRORREPORT:PROMPT /OUT:"D:\1编程\1初学\2.1基本算法之枚举\子串计算\子串计算\Debug\子串计算.exe" /NOLOGO kernel32.lib user32.lib gdi32.lib winspool.lib comdlg32.lib advapi32.lib shell32.lib ole32.lib oleaut32.lib uuid.lib odbc32.lib odbccp32.lib /MANIFEST /ManifestFile:"Debug\子串计算.exe.intermediate.manifest" /MANIFESTUAC:"level='asInvoker' uiAccess='false'" /DEBUG /PDB:"D:\1编程\1初学\2.1基本算法之枚举\子串计算\子串计算\Debug\子串计算.pdb" /TLBID:1 /DYNAMICBASE /NXCOMPAT /IMPLIB:"D:\1编程\1初学\2.1基本算法之枚举\子串计算\子串计算\Debug\子串计算.lib" /MACHINE:X86 "Debug\子串计算.obj"
         LINK : 没有找到 D:\1编程\1初学\2.1基本算法之枚举\子串计算\子串计算\Debug\子串计算.exe 或上一个增量链接没有生成它；正在执行完全链接
         子串计算.vcxproj -> D:\1编程\1初学\2.1基本算法之枚举\子串计算\子串计算\Debug\子串计算.exe
       Manifest:
         c:\Program Files (x86)\Microsoft SDKs\Windows\v7.0A\bin\mt.exe /nologo /verbose /outputresource:"D:\1编程\1初学\2.1基本算法之枚举\子串计算\子串计算\Debug\子串计算.exe;#1" /manifest "Debug\子串计算.exe.intermediate.manifest"
       FinalizeBuildStatus:
         正在删除文件“Debug\子串计算.unsuccessfulbuild”。
         正在对“Debug\子串计算.lastbuildstate”执行 Touch 任务。
     1>已完成生成项目“D:\1编程\1初学\2.1基本算法之枚举\子串计算\子串计算\子串计算.vcxproj”(build 个目标)的操作。

生成成功。

已用时间 00:00:00.52
